Current time: 20220724_1400

Update gauge table from NWS web service ...
Updating 206 gauges
Total time: 0.02720033327738444

Generate stream flood depth map ...
Map folder: D:\projects_new\fldpln\kansas\maps\nowcast_20220724_1400
Commandline arguments: ['D:\\projects_new\\fldpln\\tools\\task_lib2map_gauge_table.py', 'D:\\projects_new\\fldpln\\kansas\\maps', 'Nowcast', 'nowcast_20220724_1400']
Tiled FLDPLN librariy folder: D:\projects_new\fldpln\kansas\data\KS_tiled10km_snz_library
Map folder: D:\projects_new\fldpln\kansas\maps\nowcast_20220724_1400
Libraries mapped: ['bigblue', 'chik_saltfork_medlodg', 'cotneo', 'ksrv', 'litark', 'lowark', 'lowrep', 'mdc', 'midkan', 'midsol', 'morv', 'nemaha', 'neosho', 'ninnescah', 'osagemarmaton', 'smoksalsol', 'spring', 'upark', 'upkan', 'uprep', 'upsal', 'upsmoky', 'upsol', 'verdigriscaney', 'walnut']
Start a LocalCluster ...
Number of workers: 6
Map bigblue using LocalCLuster ...
Tiles need to be mapped: [14, 19, 34, 42, 43, 44, 45, 52, 53, 55, 56, 60, 61]
Map chik_saltfork_medlodg using LocalCLuster ...
Tiles need to be mapped: [36, 74]
Map cotneo using LocalCLuster ...
Tiles need to be mapped: [2, 7, 17, 18, 21, 22, 30, 31, 37, 38, 44, 45, 48, 49, 50, 53, 54]
Map ksrv using LocalCLuster ...
Tiles need to be mapped: [8, 9, 14, 15, 20, 21, 26, 27, 33, 34, 35, 39, 40, 41, 47, 49, 56, 58, 66, 73, 74, 77, 78, 84, 85, 89, 92]
Map litark using LocalCLuster ...
Tiles need to be mapped: [16, 17, 18, 22]
Map lowark using LocalCLuster ...
Tiles need to be mapped: [8, 9, 14, 22, 23, 28, 30, 31, 32, 36]
Map lowrep using LocalCLuster ...
Tiles need to be mapped: [8]
Map mdc using LocalCLuster ...
Tiles need to be mapped: [5, 9, 10, 13, 17, 18, 23, 32, 34, 35, 38, 39, 40, 41, 44, 45, 49, 50, 55, 56, 57, 60, 61, 64, 65]
Map midkan using LocalCLuster ...
Tiles need to be mapped: [6, 8, 11, 12, 17, 18, 19, 23, 24]
Map midsol using LocalCLuster ...
Tiles need to be mapped: None
Map morv using LocalCLuster ...
Tiles need to be mapped: [12, 16, 17, 22, 25, 26, 28, 29, 33, 34, 35, 36, 37, 38, 39, 46, 47, 50, 51, 52, 55, 56, 57, 62, 67, 68, 72, 73]
Map nemaha using LocalCLuster ...
Tiles need to be mapped: [6]
Map neosho using LocalCLuster ...
Tiles need to be mapped: [12, 13, 17, 18, 45, 46, 50, 51, 52, 53, 55, 56, 57, 59, 67, 68, 75, 76, 77, 78, 79, 80, 82, 83, 84, 85, 86, 87, 91]
Map ninnescah using LocalCLuster ...
Tiles need to be mapped: [6, 7, 11, 16, 21, 22, 27, 28, 32, 33, 36, 37, 41, 45]
Map osagemarmaton using LocalCLuster ...
Tiles need to be mapped: [4, 15, 21]
Map smoksalsol using LocalCLuster ...
Tiles need to be mapped: [7, 22, 33, 41, 42, 43, 44, 53, 58]
Map spring using LocalCLuster ...
Tiles need to be mapped: [1, 2, 3, 8, 9, 10, 11, 12, 18]
Map upark using LocalCLuster ...
Tiles need to be mapped: [17, 19, 20, 21, 28, 29, 30, 32, 33, 37, 38, 40, 41, 45, 46, 47, 48, 52, 53, 54, 60, 66, 67, 68, 70, 74, 78, 79, 82]
Map upkan using LocalCLuster ...
Tiles need to be mapped: [13, 27, 30, 31, 35, 36, 40, 41, 42, 43, 44]
Map uprep using LocalCLuster ...
Tiles need to be mapped: [22]
Map upsal using LocalCLuster ...
Tiles need to be mapped: [9, 10, 12, 13, 27, 29]
Map upsmoky using LocalCLuster ...
Tiles need to be mapped: [4, 5, 8, 9, 11, 13, 15, 16, 17, 18, 19, 20, 21, 22, 23, 24]
Map upsol using LocalCLuster ...
Tiles need to be mapped: [19, 20]
Map verdigriscaney using LocalCLuster ...
Tiles need to be mapped: [20, 31, 49, 57, 67, 71, 72, 73, 74, 75, 76, 80, 81]
Map walnut using LocalCLuster ...
Tiles need to be mapped: [10, 11, 12, 13, 14, 15, 16, 21, 28, 29, 37]
Individual library mapping time: {'bigblue': 0.099, 'chik_saltfork_medlodg': 0.025, 'cotneo': 0.085, 'ksrv': 0.444, 'litark': 0.03, 'lowark': 0.151, 'lowrep': 0.052, 'mdc': 0.167, 'midkan': 0.115, 'midsol': 0.006, 'morv': 0.46, 'nemaha': 0.015, 'neosho': 0.425, 'ninnescah': 0.086, 'osagemarmaton': 0.018, 'smoksalsol': 0.212, 'spring': 0.057, 'upark': 0.61, 'upkan': 0.104, 'uprep': 0.016, 'upsal': 0.048, 'upsmoky': 0.034, 'upsol': 0.018, 'verdigriscaney': 0.099, 'walnut': 0.071}
Total processing time (minutes): 3.511
Shutdown LocalCluster ...

Update mosaic dataset with flood map ...
Commandline arguments: ['D:\\projects_new\\fldpln\\tools\\task_map2md.py', 'D:\\projects_new\\fldpln\\kansas\\mosaic_dataset_gdbs\\nowcast.gdb', 'nowcast_depth', 'D:\\projects_new\\fldpln\\kansas\\maps\\nowcast_20220724_1400']
Update D:\projects_new\fldpln\kansas\mosaic_dataset_gdbs\nowcast.gdb\nowcast_depth from D:\projects_new\fldpln\kansas\maps\nowcast_20220724_1400 ...
Remove all rasters from the mosaic dataset: D:\projects_new\fldpln\kansas\mosaic_dataset_gdbs\nowcast.gdb\nowcast_depth ...
Add rasters to the mosaic dataset: D:\projects_new\fldpln\kansas\mosaic_dataset_gdbs\nowcast.gdb\nowcast_depth ...
Total processing time (minutes): 1.416

Update stream flood depth statistic ...
Commandline arguments: ['D:\\projects_new\\fldpln\\tools\\task_update_depth_stats.py', 'max_stream_depth', 'D:\\projects_new\\fldpln\\kansas\\mosaic_dataset_gdbs\\nowcast.gdb\\nowcast_depth']
Selecting hexagons intersecting mosaic dataset footprints ...
Calculting zonal statistics ...
Creating hex max dictionary
Updating hexagon table ...
Total time: 2.045103673140208

Delete old map folders ...
Commandline arguments: ['D:\\projects_new\\fldpln\\tools\\task_deletemapfolder.py', 'D:\\projects_new\\fldpln\\kansas\\maps', 'nowcast', '1']
Current time: 20220724_1408
Delete D:\projects_new\fldpln\kansas\maps\nowcast_20220723_1400 ...
